{"/Users/ceciliacaroline/Documents/smsAPI/database.config.js": {"path":"/Users/ceciliacaroline/Documents/smsAPI/database.config.js","statementMap":{"0":{"start":{"line":1,"column":0},"end":{"line":4,"column":1}}},"fnMap":{},"branchMap":{},"s":{"0":2},"f":{},"b":{},"_coverageSchema":"43e27e138ebf9cfc5966b082cf9a028302ed4184","hash":"61000982914ab11d5ca536dddd55d39fb0a29b9c"}
,"/Users/ceciliacaroline/Documents/smsAPI/index.js": {"path":"/Users/ceciliacaroline/Documents/smsAPI/index.js","statementMap":{"0":{"start":{"line":3,"column":16},"end":{"line":3,"column":34}},"1":{"start":{"line":4,"column":19},"end":{"line":4,"column":46}},"2":{"start":{"line":5,"column":15},"end":{"line":5,"column":34}},"3":{"start":{"line":6,"column":15},"end":{"line":6,"column":32}},"4":{"start":{"line":7,"column":13},"end":{"line":7,"column":28}},"5":{"start":{"line":8,"column":40},"end":{"line":8,"column":75}},"6":{"start":{"line":9,"column":24},"end":{"line":9,"column":59}},"7":{"start":{"line":10,"column":12},"end":{"line":10,"column":21}},"8":{"start":{"line":11,"column":17},"end":{"line":11,"column":36}},"9":{"start":{"line":14,"column":0},"end":{"line":14,"column":34}},"10":{"start":{"line":15,"column":12},"end":{"line":15,"column":16}},"11":{"start":{"line":16,"column":0},"end":{"line":16,"column":23}},"12":{"start":{"line":17,"column":0},"end":{"line":17,"column":22}},"13":{"start":{"line":18,"column":0},"end":{"line":18,"column":15}},"14":{"start":{"line":20,"column":0},"end":{"line":20,"column":16}},"15":{"start":{"line":21,"column":0},"end":{"line":23,"column":3}},"16":{"start":{"line":22,"column":4},"end":{"line":22,"column":32}},"17":{"start":{"line":25,"column":0},"end":{"line":25,"column":23}},"18":{"start":{"line":28,"column":0},"end":{"line":28,"column":27}},"19":{"start":{"line":31,"column":0},"end":{"line":31,"column":24}},"20":{"start":{"line":34,"column":0},"end":{"line":36,"column":3}},"21":{"start":{"line":35,"column":2},"end":{"line":35,"column":50}},"22":{"start":{"line":38,"column":0},"end":{"line":38,"column":21}}},"fnMap":{"0":{"name":"(anonymous_0)","decl":{"start":{"line":34,"column":17},"end":{"line":34,"column":18}},"loc":{"start":{"line":34,"column":23},"end":{"line":36,"column":1}},"line":34}},"branchMap":{"0":{"loc":{"start":{"line":21,"column":0},"end":{"line":23,"column":3}},"type":"if","locations":[{"start":{"line":21,"column":0},"end":{"line":23,"column":3}},{"start":{"line":21,"column":0},"end":{"line":23,"column":3}}],"line":21}},"s":{"0":2,"1":2,"2":2,"3":2,"4":2,"5":2,"6":2,"7":2,"8":2,"9":2,"10":2,"11":2,"12":2,"13":2,"14":2,"15":2,"16":0,"17":2,"18":2,"19":2,"20":2,"21":1,"22":2},"f":{"0":1},"b":{"0":[0,2]},"_coverageSchema":"43e27e138ebf9cfc5966b082cf9a028302ed4184","hash":"548a279b081b5100163bbf81c02d85a41775f6db"}
,"/Users/ceciliacaroline/Documents/smsAPI/router.js": {"path":"/Users/ceciliacaroline/Documents/smsAPI/router.js","statementMap":{"0":{"start":{"line":3,"column":16},"end":{"line":3,"column":34}},"1":{"start":{"line":4,"column":15},"end":{"line":4,"column":31}},"2":{"start":{"line":5,"column":17},"end":{"line":5,"column":59}},"3":{"start":{"line":6,"column":16},"end":{"line":6,"column":58}},"4":{"start":{"line":9,"column":0},"end":{"line":9,"column":41}},"5":{"start":{"line":12,"column":0},"end":{"line":12,"column":42}},"6":{"start":{"line":15,"column":0},"end":{"line":15,"column":52}},"7":{"start":{"line":18,"column":0},"end":{"line":18,"column":55}},"8":{"start":{"line":22,"column":0},"end":{"line":22,"column":61}},"9":{"start":{"line":25,"column":0},"end":{"line":25,"column":78}},"10":{"start":{"line":28,"column":0},"end":{"line":28,"column":70}},"11":{"start":{"line":31,"column":0},"end":{"line":31,"column":72}},"12":{"start":{"line":34,"column":0},"end":{"line":34,"column":71}},"13":{"start":{"line":37,"column":0},"end":{"line":37,"column":73}},"14":{"start":{"line":40,"column":0},"end":{"line":40,"column":24}}},"fnMap":{},"branchMap":{},"s":{"0":2,"1":2,"2":2,"3":2,"4":2,"5":2,"6":2,"7":2,"8":2,"9":2,"10":2,"11":2,"12":2,"13":2,"14":2},"f":{},"b":{},"_coverageSchema":"43e27e138ebf9cfc5966b082cf9a028302ed4184","hash":"cc09118e4c8e170de394576fe17b5dfb30ae8c09"}
,"/Users/ceciliacaroline/Documents/smsAPI/controllers/contactController.js": {"path":"/Users/ceciliacaroline/Documents/smsAPI/controllers/contactController.js","statementMap":{"0":{"start":{"line":1,"column":16},"end":{"line":1,"column":52}},"1":{"start":{"line":2,"column":16},"end":{"line":2,"column":52}},"2":{"start":{"line":6,"column":0},"end":{"line":32,"column":2}},"3":{"start":{"line":7,"column":4},"end":{"line":11,"column":7}},"4":{"start":{"line":8,"column":8},"end":{"line":10,"column":11}},"5":{"start":{"line":12,"column":20},"end":{"line":12,"column":41}},"6":{"start":{"line":13,"column":6},"end":{"line":30,"column":11}},"7":{"start":{"line":16,"column":10},"end":{"line":16,"column":80}},"8":{"start":{"line":20,"column":10},"end":{"line":25,"column":11}},"9":{"start":{"line":21,"column":12},"end":{"line":24,"column":15}},"10":{"start":{"line":26,"column":10},"end":{"line":29,"column":13}},"11":{"start":{"line":35,"column":0},"end":{"line":50,"column":2}},"12":{"start":{"line":36,"column":4},"end":{"line":49,"column":7}},"13":{"start":{"line":38,"column":6},"end":{"line":40,"column":7}},"14":{"start":{"line":39,"column":8},"end":{"line":39,"column":89}},"15":{"start":{"line":41,"column":6},"end":{"line":41,"column":23}},"16":{"start":{"line":42,"column":6},"end":{"line":42,"column":58}},"17":{"start":{"line":45,"column":6},"end":{"line":45,"column":23}},"18":{"start":{"line":46,"column":6},"end":{"line":48,"column":9}},"19":{"start":{"line":53,"column":0},"end":{"line":74,"column":2}},"20":{"start":{"line":54,"column":4},"end":{"line":72,"column":3}},"21":{"start":{"line":56,"column":6},"end":{"line":60,"column":7}},"22":{"start":{"line":57,"column":8},"end":{"line":59,"column":11}},"23":{"start":{"line":61,"column":6},"end":{"line":61,"column":36}},"24":{"start":{"line":64,"column":6},"end":{"line":68,"column":7}},"25":{"start":{"line":65,"column":8},"end":{"line":67,"column":11}},"26":{"start":{"line":69,"column":6},"end":{"line":71,"column":7}},"27":{"start":{"line":78,"column":0},"end":{"line":104,"column":2}},"28":{"start":{"line":79,"column":4},"end":{"line":102,"column":8}},"29":{"start":{"line":81,"column":8},"end":{"line":98,"column":10}},"30":{"start":{"line":84,"column":10},"end":{"line":86,"column":19}},"31":{"start":{"line":90,"column":10},"end":{"line":94,"column":17}},"32":{"start":{"line":91,"column":18},"end":{"line":93,"column":21}},"33":{"start":{"line":95,"column":16},"end":{"line":97,"column":19}},"34":{"start":{"line":101,"column":8},"end":{"line":101,"column":88}}},"fnMap":{"0":{"name":"(anonymous_0)","decl":{"start":{"line":6,"column":17},"end":{"line":6,"column":18}},"loc":{"start":{"line":6,"column":31},"end":{"line":32,"column":1}},"line":6},"1":{"name":"(anonymous_1)","decl":{"start":{"line":15,"column":14},"end":{"line":15,"column":15}},"loc":{"start":{"line":15,"column":22},"end":{"line":18,"column":9}},"line":15},"2":{"name":"(anonymous_2)","decl":{"start":{"line":19,"column":15},"end":{"line":19,"column":16}},"loc":{"start":{"line":19,"column":22},"end":{"line":30,"column":9}},"line":19},"3":{"name":"(anonymous_3)","decl":{"start":{"line":35,"column":18},"end":{"line":35,"column":19}},"loc":{"start":{"line":35,"column":32},"end":{"line":50,"column":1}},"line":35},"4":{"name":"(anonymous_4)","decl":{"start":{"line":37,"column":10},"end":{"line":37,"column":11}},"loc":{"start":{"line":37,"column":22},"end":{"line":43,"column":5}},"line":37},"5":{"name":"(anonymous_5)","decl":{"start":{"line":44,"column":11},"end":{"line":44,"column":12}},"loc":{"start":{"line":44,"column":20},"end":{"line":49,"column":5}},"line":44},"6":{"name":"(anonymous_6)","decl":{"start":{"line":53,"column":18},"end":{"line":53,"column":19}},"loc":{"start":{"line":53,"column":32},"end":{"line":74,"column":1}},"line":53},"7":{"name":"(anonymous_7)","decl":{"start":{"line":55,"column":10},"end":{"line":55,"column":11}},"loc":{"start":{"line":55,"column":21},"end":{"line":62,"column":5}},"line":55},"8":{"name":"(anonymous_8)","decl":{"start":{"line":63,"column":11},"end":{"line":63,"column":12}},"loc":{"start":{"line":63,"column":18},"end":{"line":72,"column":1}},"line":63},"9":{"name":"(anonymous_9)","decl":{"start":{"line":78,"column":17},"end":{"line":78,"column":18}},"loc":{"start":{"line":78,"column":31},"end":{"line":104,"column":1}},"line":78},"10":{"name":"(anonymous_10)","decl":{"start":{"line":79,"column":52},"end":{"line":79,"column":53}},"loc":{"start":{"line":79,"column":66},"end":{"line":102,"column":7}},"line":79},"11":{"name":"(anonymous_11)","decl":{"start":{"line":83,"column":15},"end":{"line":83,"column":16}},"loc":{"start":{"line":83,"column":21},"end":{"line":87,"column":9}},"line":83},"12":{"name":"(anonymous_12)","decl":{"start":{"line":88,"column":15},"end":{"line":88,"column":16}},"loc":{"start":{"line":88,"column":22},"end":{"line":98,"column":9}},"line":88}},"branchMap":{"0":{"loc":{"start":{"line":7,"column":4},"end":{"line":11,"column":7}},"type":"if","locations":[{"start":{"line":7,"column":4},"end":{"line":11,"column":7}},{"start":{"line":7,"column":4},"end":{"line":11,"column":7}}],"line":7},"1":{"loc":{"start":{"line":7,"column":8},"end":{"line":7,"column":48}},"type":"binary-expr","locations":[{"start":{"line":7,"column":8},"end":{"line":7,"column":30}},{"start":{"line":7,"column":34},"end":{"line":7,"column":48}}],"line":7},"2":{"loc":{"start":{"line":20,"column":10},"end":{"line":25,"column":11}},"type":"if","locations":[{"start":{"line":20,"column":10},"end":{"line":25,"column":11}},{"start":{"line":20,"column":10},"end":{"line":25,"column":11}}],"line":20},"3":{"loc":{"start":{"line":28,"column":14},"end":{"line":28,"column":78}},"type":"binary-expr","locations":[{"start":{"line":28,"column":14},"end":{"line":28,"column":25}},{"start":{"line":28,"column":29},"end":{"line":28,"column":78}}],"line":28},"4":{"loc":{"start":{"line":38,"column":6},"end":{"line":40,"column":7}},"type":"if","locations":[{"start":{"line":38,"column":6},"end":{"line":40,"column":7}},{"start":{"line":38,"column":6},"end":{"line":40,"column":7}}],"line":38},"5":{"loc":{"start":{"line":47,"column":17},"end":{"line":47,"column":80}},"type":"binary-expr","locations":[{"start":{"line":47,"column":17},"end":{"line":47,"column":30}},{"start":{"line":47,"column":34},"end":{"line":47,"column":80}}],"line":47},"6":{"loc":{"start":{"line":56,"column":6},"end":{"line":60,"column":7}},"type":"if","locations":[{"start":{"line":56,"column":6},"end":{"line":60,"column":7}},{"start":{"line":56,"column":6},"end":{"line":60,"column":7}}],"line":56},"7":{"loc":{"start":{"line":64,"column":6},"end":{"line":68,"column":7}},"type":"if","locations":[{"start":{"line":64,"column":6},"end":{"line":68,"column":7}},{"start":{"line":64,"column":6},"end":{"line":68,"column":7}}],"line":64},"8":{"loc":{"start":{"line":90,"column":10},"end":{"line":94,"column":17}},"type":"if","locations":[{"start":{"line":90,"column":10},"end":{"line":94,"column":17}},{"start":{"line":90,"column":10},"end":{"line":94,"column":17}}],"line":90},"9":{"loc":{"start":{"line":90,"column":14},"end":{"line":90,"column":64}},"type":"binary-expr","locations":[{"start":{"line":90,"column":14},"end":{"line":90,"column":37}},{"start":{"line":90,"column":41},"end":{"line":90,"column":64}}],"line":90}},"s":{"0":2,"1":2,"2":2,"3":2,"4":1,"5":1,"6":1,"7":1,"8":0,"9":0,"10":0,"11":2,"12":1,"13":1,"14":1,"15":1,"16":1,"17":1,"18":1,"19":2,"20":2,"21":1,"22":0,"23":1,"24":1,"25":1,"26":0,"27":2,"28":1,"29":1,"30":1,"31":0,"32":0,"33":0,"34":1},"f":{"0":2,"1":1,"2":0,"3":1,"4":1,"5":1,"6":2,"7":1,"8":1,"9":1,"10":1,"11":1,"12":0},"b":{"0":[1,1],"1":[2,1],"2":[0,0],"3":[0,0],"4":[1,0],"5":[0,0],"6":[0,1],"7":[1,0],"8":[0,0],"9":[0,0]},"_coverageSchema":"43e27e138ebf9cfc5966b082cf9a028302ed4184","hash":"ac8c726bfcb89963a242916909c6226a53d4e343"}
,"/Users/ceciliacaroline/Documents/smsAPI/controllers/messageController.js": {"path":"/Users/ceciliacaroline/Documents/smsAPI/controllers/messageController.js","statementMap":{"0":{"start":{"line":1,"column":16},"end":{"line":1,"column":52}},"1":{"start":{"line":5,"column":0},"end":{"line":27,"column":2}},"2":{"start":{"line":6,"column":4},"end":{"line":10,"column":7}},"3":{"start":{"line":7,"column":8},"end":{"line":9,"column":11}},"4":{"start":{"line":11,"column":6},"end":{"line":13,"column":7}},"5":{"start":{"line":14,"column":20},"end":{"line":14,"column":76}},"6":{"start":{"line":15,"column":6},"end":{"line":25,"column":11}},"7":{"start":{"line":18,"column":10},"end":{"line":18,"column":37}},"8":{"start":{"line":21,"column":10},"end":{"line":24,"column":13}},"9":{"start":{"line":30,"column":0},"end":{"line":47,"column":2}},"10":{"start":{"line":31,"column":4},"end":{"line":46,"column":7}},"11":{"start":{"line":34,"column":6},"end":{"line":37,"column":7}},"12":{"start":{"line":35,"column":8},"end":{"line":35,"column":25}},"13":{"start":{"line":36,"column":8},"end":{"line":36,"column":58}},"14":{"start":{"line":38,"column":6},"end":{"line":38,"column":23}},"15":{"start":{"line":39,"column":6},"end":{"line":39,"column":25}},"16":{"start":{"line":42,"column":6},"end":{"line":45,"column":9}},"17":{"start":{"line":50,"column":0},"end":{"line":67,"column":2}},"18":{"start":{"line":51,"column":4},"end":{"line":66,"column":7}},"19":{"start":{"line":54,"column":6},"end":{"line":57,"column":7}},"20":{"start":{"line":55,"column":8},"end":{"line":55,"column":25}},"21":{"start":{"line":56,"column":8},"end":{"line":56,"column":58}},"22":{"start":{"line":58,"column":6},"end":{"line":58,"column":23}},"23":{"start":{"line":59,"column":6},"end":{"line":59,"column":25}},"24":{"start":{"line":62,"column":6},"end":{"line":65,"column":9}},"25":{"start":{"line":70,"column":0},"end":{"line":93,"column":2}},"26":{"start":{"line":71,"column":4},"end":{"line":91,"column":9}},"27":{"start":{"line":72,"column":8},"end":{"line":76,"column":9}},"28":{"start":{"line":73,"column":10},"end":{"line":75,"column":13}},"29":{"start":{"line":77,"column":8},"end":{"line":77,"column":25}},"30":{"start":{"line":78,"column":8},"end":{"line":90,"column":13}},"31":{"start":{"line":81,"column":12},"end":{"line":85,"column":13}},"32":{"start":{"line":82,"column":14},"end":{"line":84,"column":17}},"33":{"start":{"line":86,"column":12},"end":{"line":89,"column":15}},"34":{"start":{"line":96,"column":0},"end":{"line":124,"column":2}},"35":{"start":{"line":97,"column":4},"end":{"line":123,"column":9}},"36":{"start":{"line":106,"column":8},"end":{"line":110,"column":9}},"37":{"start":{"line":107,"column":10},"end":{"line":109,"column":13}},"38":{"start":{"line":111,"column":8},"end":{"line":111,"column":26}},"39":{"start":{"line":114,"column":8},"end":{"line":118,"column":9}},"40":{"start":{"line":115,"column":10},"end":{"line":117,"column":13}},"41":{"start":{"line":119,"column":8},"end":{"line":122,"column":11}},"42":{"start":{"line":127,"column":0},"end":{"line":141,"column":2}},"43":{"start":{"line":128,"column":4},"end":{"line":140,"column":6}},"44":{"start":{"line":131,"column":6},"end":{"line":133,"column":15}},"45":{"start":{"line":136,"column":6},"end":{"line":136,"column":15}},"46":{"start":{"line":137,"column":6},"end":{"line":139,"column":15}}},"fnMap":{"0":{"name":"(anonymous_0)","decl":{"start":{"line":5,"column":17},"end":{"line":5,"column":18}},"loc":{"start":{"line":5,"column":31},"end":{"line":27,"column":1}},"line":5},"1":{"name":"(anonymous_1)","decl":{"start":{"line":17,"column":14},"end":{"line":17,"column":15}},"loc":{"start":{"line":17,"column":22},"end":{"line":19,"column":9}},"line":17},"2":{"name":"(anonymous_2)","decl":{"start":{"line":20,"column":15},"end":{"line":20,"column":16}},"loc":{"start":{"line":20,"column":22},"end":{"line":25,"column":9}},"line":20},"3":{"name":"(anonymous_3)","decl":{"start":{"line":30,"column":22},"end":{"line":30,"column":23}},"loc":{"start":{"line":30,"column":36},"end":{"line":47,"column":1}},"line":30},"4":{"name":"(anonymous_4)","decl":{"start":{"line":33,"column":10},"end":{"line":33,"column":11}},"loc":{"start":{"line":33,"column":22},"end":{"line":40,"column":5}},"line":33},"5":{"name":"(anonymous_5)","decl":{"start":{"line":41,"column":11},"end":{"line":41,"column":12}},"loc":{"start":{"line":41,"column":18},"end":{"line":46,"column":5}},"line":41},"6":{"name":"(anonymous_6)","decl":{"start":{"line":50,"column":26},"end":{"line":50,"column":27}},"loc":{"start":{"line":50,"column":40},"end":{"line":67,"column":1}},"line":50},"7":{"name":"(anonymous_7)","decl":{"start":{"line":53,"column":10},"end":{"line":53,"column":11}},"loc":{"start":{"line":53,"column":22},"end":{"line":60,"column":5}},"line":53},"8":{"name":"(anonymous_8)","decl":{"start":{"line":61,"column":11},"end":{"line":61,"column":12}},"loc":{"start":{"line":61,"column":18},"end":{"line":66,"column":5}},"line":61},"9":{"name":"(anonymous_9)","decl":{"start":{"line":70,"column":18},"end":{"line":70,"column":19}},"loc":{"start":{"line":70,"column":32},"end":{"line":93,"column":1}},"line":70},"10":{"name":"(anonymous_10)","decl":{"start":{"line":71,"column":48},"end":{"line":71,"column":49}},"loc":{"start":{"line":71,"column":59},"end":{"line":91,"column":7}},"line":71},"11":{"name":"(anonymous_11)","decl":{"start":{"line":80,"column":17},"end":{"line":80,"column":18}},"loc":{"start":{"line":80,"column":24},"end":{"line":90,"column":11}},"line":80},"12":{"name":"(anonymous_12)","decl":{"start":{"line":96,"column":17},"end":{"line":96,"column":18}},"loc":{"start":{"line":96,"column":31},"end":{"line":124,"column":1}},"line":96},"13":{"name":"(anonymous_13)","decl":{"start":{"line":105,"column":12},"end":{"line":105,"column":13}},"loc":{"start":{"line":105,"column":23},"end":{"line":112,"column":7}},"line":105},"14":{"name":"(anonymous_14)","decl":{"start":{"line":113,"column":13},"end":{"line":113,"column":14}},"loc":{"start":{"line":113,"column":20},"end":{"line":123,"column":7}},"line":113},"15":{"name":"(anonymous_15)","decl":{"start":{"line":127,"column":17},"end":{"line":127,"column":18}},"loc":{"start":{"line":127,"column":31},"end":{"line":141,"column":1}},"line":127},"16":{"name":"(anonymous_16)","decl":{"start":{"line":130,"column":11},"end":{"line":130,"column":12}},"loc":{"start":{"line":130,"column":17},"end":{"line":134,"column":5}},"line":130},"17":{"name":"(anonymous_17)","decl":{"start":{"line":135,"column":11},"end":{"line":135,"column":12}},"loc":{"start":{"line":135,"column":18},"end":{"line":140,"column":5}},"line":135}},"branchMap":{"0":{"loc":{"start":{"line":6,"column":4},"end":{"line":10,"column":7}},"type":"if","locations":[{"start":{"line":6,"column":4},"end":{"line":10,"column":7}},{"start":{"line":6,"column":4},"end":{"line":10,"column":7}}],"line":6},"1":{"loc":{"start":{"line":6,"column":8},"end":{"line":6,"column":45}},"type":"binary-expr","locations":[{"start":{"line":6,"column":8},"end":{"line":6,"column":22}},{"start":{"line":6,"column":26},"end":{"line":6,"column":45}}],"line":6},"2":{"loc":{"start":{"line":11,"column":6},"end":{"line":13,"column":7}},"type":"if","locations":[{"start":{"line":11,"column":6},"end":{"line":13,"column":7}},{"start":{"line":11,"column":6},"end":{"line":13,"column":7}}],"line":11},"3":{"loc":{"start":{"line":23,"column":14},"end":{"line":23,"column":78}},"type":"binary-expr","locations":[{"start":{"line":23,"column":14},"end":{"line":23,"column":25}},{"start":{"line":23,"column":29},"end":{"line":23,"column":78}}],"line":23},"4":{"loc":{"start":{"line":34,"column":6},"end":{"line":37,"column":7}},"type":"if","locations":[{"start":{"line":34,"column":6},"end":{"line":37,"column":7}},{"start":{"line":34,"column":6},"end":{"line":37,"column":7}}],"line":34},"5":{"loc":{"start":{"line":44,"column":10},"end":{"line":44,"column":77}},"type":"binary-expr","locations":[{"start":{"line":44,"column":10},"end":{"line":44,"column":21}},{"start":{"line":44,"column":25},"end":{"line":44,"column":77}}],"line":44},"6":{"loc":{"start":{"line":54,"column":6},"end":{"line":57,"column":7}},"type":"if","locations":[{"start":{"line":54,"column":6},"end":{"line":57,"column":7}},{"start":{"line":54,"column":6},"end":{"line":57,"column":7}}],"line":54},"7":{"loc":{"start":{"line":64,"column":10},"end":{"line":64,"column":77}},"type":"binary-expr","locations":[{"start":{"line":64,"column":10},"end":{"line":64,"column":21}},{"start":{"line":64,"column":25},"end":{"line":64,"column":77}}],"line":64},"8":{"loc":{"start":{"line":72,"column":8},"end":{"line":76,"column":9}},"type":"if","locations":[{"start":{"line":72,"column":8},"end":{"line":76,"column":9}},{"start":{"line":72,"column":8},"end":{"line":76,"column":9}}],"line":72},"9":{"loc":{"start":{"line":81,"column":12},"end":{"line":85,"column":13}},"type":"if","locations":[{"start":{"line":81,"column":12},"end":{"line":85,"column":13}},{"start":{"line":81,"column":12},"end":{"line":85,"column":13}}],"line":81},"10":{"loc":{"start":{"line":88,"column":16},"end":{"line":88,"column":82}},"type":"binary-expr","locations":[{"start":{"line":88,"column":16},"end":{"line":88,"column":27}},{"start":{"line":88,"column":31},"end":{"line":88,"column":82}}],"line":88},"11":{"loc":{"start":{"line":106,"column":8},"end":{"line":110,"column":9}},"type":"if","locations":[{"start":{"line":106,"column":8},"end":{"line":110,"column":9}},{"start":{"line":106,"column":8},"end":{"line":110,"column":9}}],"line":106},"12":{"loc":{"start":{"line":114,"column":8},"end":{"line":118,"column":9}},"type":"if","locations":[{"start":{"line":114,"column":8},"end":{"line":118,"column":9}},{"start":{"line":114,"column":8},"end":{"line":118,"column":9}}],"line":114},"13":{"loc":{"start":{"line":121,"column":12},"end":{"line":121,"column":76}},"type":"binary-expr","locations":[{"start":{"line":121,"column":12},"end":{"line":121,"column":23}},{"start":{"line":121,"column":27},"end":{"line":121,"column":76}}],"line":121}},"s":{"0":2,"1":2,"2":1,"3":0,"4":1,"5":1,"6":1,"7":1,"8":0,"9":2,"10":1,"11":1,"12":1,"13":1,"14":1,"15":1,"16":1,"17":2,"18":0,"19":0,"20":0,"21":0,"22":0,"23":0,"24":0,"25":2,"26":0,"27":0,"28":0,"29":0,"30":0,"31":0,"32":0,"33":0,"34":2,"35":0,"36":0,"37":0,"38":0,"39":0,"40":0,"41":0,"42":2,"43":0,"44":0,"45":0,"46":0},"f":{"0":1,"1":1,"2":0,"3":1,"4":1,"5":1,"6":0,"7":0,"8":0,"9":0,"10":0,"11":0,"12":0,"13":0,"14":0,"15":0,"16":0,"17":0},"b":{"0":[0,1],"1":[1,1],"2":[1,0],"3":[0,0],"4":[1,0],"5":[0,0],"6":[0,0],"7":[0,0],"8":[0,0],"9":[0,0],"10":[0,0],"11":[0,0],"12":[0,0],"13":[0,0]},"_coverageSchema":"43e27e138ebf9cfc5966b082cf9a028302ed4184","hash":"13c8567e3614246d29c95f4a1a57459ca60793b1"}
,"/Users/ceciliacaroline/Documents/smsAPI/helpers/database_setup.js": {"path":"/Users/ceciliacaroline/Documents/smsAPI/helpers/database_setup.js","statementMap":{"0":{"start":{"line":2,"column":17},"end":{"line":2,"column":36}},"1":{"start":{"line":3,"column":17},"end":{"line":3,"column":46}},"2":{"start":{"line":5,"column":0},"end":{"line":5,"column":34}},"3":{"start":{"line":7,"column":0},"end":{"line":29,"column":1}},"4":{"start":{"line":8,"column":19},"end":{"line":8,"column":31}},"5":{"start":{"line":10,"column":0},"end":{"line":12,"column":1}},"6":{"start":{"line":11,"column":2},"end":{"line":11,"column":34}},"7":{"start":{"line":15,"column":0},"end":{"line":28,"column":5}},"8":{"start":{"line":23,"column":4},"end":{"line":23,"column":58}},"9":{"start":{"line":26,"column":4},"end":{"line":26,"column":74}},"10":{"start":{"line":27,"column":4},"end":{"line":27,"column":19}}},"fnMap":{"0":{"name":"(anonymous_0)","decl":{"start":{"line":7,"column":31},"end":{"line":7,"column":32}},"loc":{"start":{"line":7,"column":37},"end":{"line":29,"column":1}},"line":7},"1":{"name":"(anonymous_1)","decl":{"start":{"line":22,"column":8},"end":{"line":22,"column":9}},"loc":{"start":{"line":22,"column":14},"end":{"line":24,"column":3}},"line":22},"2":{"name":"(anonymous_2)","decl":{"start":{"line":25,"column":9},"end":{"line":25,"column":10}},"loc":{"start":{"line":25,"column":16},"end":{"line":28,"column":3}},"line":25}},"branchMap":{"0":{"loc":{"start":{"line":10,"column":0},"end":{"line":12,"column":1}},"type":"if","locations":[{"start":{"line":10,"column":0},"end":{"line":12,"column":1}},{"start":{"line":10,"column":0},"end":{"line":12,"column":1}}],"line":10}},"s":{"0":2,"1":2,"2":2,"3":2,"4":2,"5":2,"6":0,"7":2,"8":2,"9":0,"10":0},"f":{"0":2,"1":2,"2":0},"b":{"0":[0,2]},"_coverageSchema":"43e27e138ebf9cfc5966b082cf9a028302ed4184","hash":"170131118d7237e39574a7b783ca6539f98604eb"}
,"/Users/ceciliacaroline/Documents/smsAPI/helpers/error_handlers.js": {"path":"/Users/ceciliacaroline/Documents/smsAPI/helpers/error_handlers.js","statementMap":{"0":{"start":{"line":4,"column":0},"end":{"line":10,"column":2}},"1":{"start":{"line":5,"column":2},"end":{"line":9,"column":5}},"2":{"start":{"line":6,"column":18},"end":{"line":6,"column":40}},"3":{"start":{"line":7,"column":4},"end":{"line":7,"column":23}},"4":{"start":{"line":8,"column":4},"end":{"line":8,"column":16}},"5":{"start":{"line":13,"column":0},"end":{"line":22,"column":2}},"6":{"start":{"line":14,"column":2},"end":{"line":21,"column":5}},"7":{"start":{"line":15,"column":4},"end":{"line":15,"column":34}},"8":{"start":{"line":16,"column":4},"end":{"line":20,"column":7}}},"fnMap":{"0":{"name":"(anonymous_0)","decl":{"start":{"line":4,"column":33},"end":{"line":4,"column":34}},"loc":{"start":{"line":4,"column":39},"end":{"line":10,"column":1}},"line":4},"1":{"name":"(anonymous_1)","decl":{"start":{"line":5,"column":10},"end":{"line":5,"column":11}},"loc":{"start":{"line":5,"column":30},"end":{"line":9,"column":3}},"line":5},"2":{"name":"(anonymous_2)","decl":{"start":{"line":13,"column":30},"end":{"line":13,"column":31}},"loc":{"start":{"line":13,"column":36},"end":{"line":22,"column":1}},"line":13},"3":{"name":"(anonymous_3)","decl":{"start":{"line":14,"column":10},"end":{"line":14,"column":11}},"loc":{"start":{"line":14,"column":35},"end":{"line":21,"column":3}},"line":14}},"branchMap":{"0":{"loc":{"start":{"line":15,"column":15},"end":{"line":15,"column":32}},"type":"binary-expr","locations":[{"start":{"line":15,"column":15},"end":{"line":15,"column":25}},{"start":{"line":15,"column":29},"end":{"line":15,"column":32}}],"line":15}},"s":{"0":2,"1":2,"2":0,"3":0,"4":0,"5":2,"6":2,"7":0,"8":0},"f":{"0":2,"1":0,"2":2,"3":0},"b":{"0":[0,0]},"_coverageSchema":"43e27e138ebf9cfc5966b082cf9a028302ed4184","hash":"3c6ba0708fa3303a6fc3482ca0c333a67fbfe867"}
,"/Users/ceciliacaroline/Documents/smsAPI/models/contact.js": {"path":"/Users/ceciliacaroline/Documents/smsAPI/models/contact.js","statementMap":{"0":{"start":{"line":2,"column":17},"end":{"line":2,"column":36}},"1":{"start":{"line":3,"column":15},"end":{"line":3,"column":30}},"2":{"start":{"line":5,"column":22},"end":{"line":9,"column":2}},"3":{"start":{"line":12,"column":16},"end":{"line":12,"column":56}},"4":{"start":{"line":14,"column":0},"end":{"line":14,"column":33}}},"fnMap":{},"branchMap":{},"s":{"0":2,"1":2,"2":2,"3":2,"4":2},"f":{},"b":{},"_coverageSchema":"43e27e138ebf9cfc5966b082cf9a028302ed4184","hash":"41a3766fa8c2d4547499f868c81a70b45e99c96a"}
,"/Users/ceciliacaroline/Documents/smsAPI/models/message.js": {"path":"/Users/ceciliacaroline/Documents/smsAPI/models/message.js","statementMap":{"0":{"start":{"line":2,"column":17},"end":{"line":2,"column":36}},"1":{"start":{"line":4,"column":15},"end":{"line":4,"column":30}},"2":{"start":{"line":6,"column":22},"end":{"line":12,"column":2}},"3":{"start":{"line":14,"column":16},"end":{"line":14,"column":56}},"4":{"start":{"line":16,"column":0},"end":{"line":16,"column":33}}},"fnMap":{},"branchMap":{},"s":{"0":2,"1":2,"2":2,"3":2,"4":2},"f":{},"b":{},"_coverageSchema":"43e27e138ebf9cfc5966b082cf9a028302ed4184","hash":"5940498fbb167355674bb9a1f036e02e21274818"}
}
