TN:
SF:/Users/ceciliacaroline/Documents/smsAPI/database.config.js
FNF:0
FNH:0
DA:1,2
LF:1
LH:1
BRF:0
BRH:0
end_of_record
TN:
SF:/Users/ceciliacaroline/Documents/smsAPI/index.js
FN:34,(anonymous_0)
FNF:1
FNH:1
FNDA:1,(anonymous_0)
DA:3,2
DA:4,2
DA:5,2
DA:6,2
DA:7,2
DA:8,2
DA:9,2
DA:10,2
DA:11,2
DA:14,2
DA:15,2
DA:16,2
DA:17,2
DA:18,2
DA:20,2
DA:21,2
DA:22,0
DA:25,2
DA:28,2
DA:31,2
DA:34,2
DA:35,1
DA:38,2
LF:23
LH:22
BRDA:21,0,0,0
BRDA:21,0,1,2
BRF:2
BRH:1
end_of_record
TN:
SF:/Users/ceciliacaroline/Documents/smsAPI/router.js
FNF:0
FNH:0
DA:3,2
DA:4,2
DA:5,2
DA:6,2
DA:9,2
DA:12,2
DA:15,2
DA:18,2
DA:22,2
DA:25,2
DA:28,2
DA:31,2
DA:34,2
DA:37,2
DA:40,2
LF:15
LH:15
BRF:0
BRH:0
end_of_record
TN:
SF:/Users/ceciliacaroline/Documents/smsAPI/controllers/contactController.js
FN:6,(anonymous_0)
FN:15,(anonymous_1)
FN:19,(anonymous_2)
FN:35,(anonymous_3)
FN:37,(anonymous_4)
FN:44,(anonymous_5)
FN:53,(anonymous_6)
FN:55,(anonymous_7)
FN:63,(anonymous_8)
FN:78,(anonymous_9)
FN:79,(anonymous_10)
FN:83,(anonymous_11)
FN:88,(anonymous_12)
FNF:13
FNH:11
FNDA:2,(anonymous_0)
FNDA:1,(anonymous_1)
FNDA:0,(anonymous_2)
FNDA:1,(anonymous_3)
FNDA:1,(anonymous_4)
FNDA:1,(anonymous_5)
FNDA:2,(anonymous_6)
FNDA:1,(anonymous_7)
FNDA:1,(anonymous_8)
FNDA:1,(anonymous_9)
FNDA:1,(anonymous_10)
FNDA:1,(anonymous_11)
FNDA:0,(anonymous_12)
DA:1,2
DA:2,2
DA:6,2
DA:7,2
DA:8,1
DA:12,1
DA:13,1
DA:16,1
DA:20,0
DA:21,0
DA:26,0
DA:35,2
DA:36,1
DA:38,1
DA:39,1
DA:41,1
DA:42,1
DA:45,1
DA:46,1
DA:53,2
DA:54,2
DA:56,1
DA:57,0
DA:61,1
DA:64,1
DA:65,1
DA:69,0
DA:78,2
DA:79,1
DA:81,1
DA:84,1
DA:90,0
DA:91,0
DA:95,0
DA:101,1
LF:35
LH:27
BRDA:7,0,0,1
BRDA:7,0,1,1
BRDA:7,1,0,2
BRDA:7,1,1,1
BRDA:20,2,0,0
BRDA:20,2,1,0
BRDA:28,3,0,0
BRDA:28,3,1,0
BRDA:38,4,0,1
BRDA:38,4,1,0
BRDA:47,5,0,0
BRDA:47,5,1,0
BRDA:56,6,0,0
BRDA:56,6,1,1
BRDA:64,7,0,1
BRDA:64,7,1,0
BRDA:90,8,0,0
BRDA:90,8,1,0
BRDA:90,9,0,0
BRDA:90,9,1,0
BRF:20
BRH:7
end_of_record
TN:
SF:/Users/ceciliacaroline/Documents/smsAPI/controllers/messageController.js
FN:5,(anonymous_0)
FN:17,(anonymous_1)
FN:20,(anonymous_2)
FN:30,(anonymous_3)
FN:33,(anonymous_4)
FN:41,(anonymous_5)
FN:50,(anonymous_6)
FN:53,(anonymous_7)
FN:61,(anonymous_8)
FN:70,(anonymous_9)
FN:71,(anonymous_10)
FN:80,(anonymous_11)
FN:96,(anonymous_12)
FN:105,(anonymous_13)
FN:113,(anonymous_14)
FN:127,(anonymous_15)
FN:130,(anonymous_16)
FN:135,(anonymous_17)
FNF:18
FNH:5
FNDA:1,(anonymous_0)
FNDA:1,(anonymous_1)
FNDA:0,(anonymous_2)
FNDA:1,(anonymous_3)
FNDA:1,(anonymous_4)
FNDA:1,(anonymous_5)
FNDA:0,(anonymous_6)
FNDA:0,(anonymous_7)
FNDA:0,(anonymous_8)
FNDA:0,(anonymous_9)
FNDA:0,(anonymous_10)
FNDA:0,(anonymous_11)
FNDA:0,(anonymous_12)
FNDA:0,(anonymous_13)
FNDA:0,(anonymous_14)
FNDA:0,(anonymous_15)
FNDA:0,(anonymous_16)
FNDA:0,(anonymous_17)
DA:1,2
DA:5,2
DA:6,1
DA:7,0
DA:11,1
DA:14,1
DA:15,1
DA:18,1
DA:21,0
DA:30,2
DA:31,1
DA:34,1
DA:35,1
DA:36,1
DA:38,1
DA:39,1
DA:42,1
DA:50,2
DA:51,0
DA:54,0
DA:55,0
DA:56,0
DA:58,0
DA:59,0
DA:62,0
DA:70,2
DA:71,0
DA:72,0
DA:73,0
DA:77,0
DA:78,0
DA:81,0
DA:82,0
DA:86,0
DA:96,2
DA:97,0
DA:106,0
DA:107,0
DA:111,0
DA:114,0
DA:115,0
DA:119,0
DA:127,2
DA:128,0
DA:131,0
DA:136,0
DA:137,0
LF:47
LH:19
BRDA:6,0,0,0
BRDA:6,0,1,1
BRDA:6,1,0,1
BRDA:6,1,1,1
BRDA:11,2,0,1
BRDA:11,2,1,0
BRDA:23,3,0,0
BRDA:23,3,1,0
BRDA:34,4,0,1
BRDA:34,4,1,0
BRDA:44,5,0,0
BRDA:44,5,1,0
BRDA:54,6,0,0
BRDA:54,6,1,0
BRDA:64,7,0,0
BRDA:64,7,1,0
BRDA:72,8,0,0
BRDA:72,8,1,0
BRDA:81,9,0,0
BRDA:81,9,1,0
BRDA:88,10,0,0
BRDA:88,10,1,0
BRDA:106,11,0,0
BRDA:106,11,1,0
BRDA:114,12,0,0
BRDA:114,12,1,0
BRDA:121,13,0,0
BRDA:121,13,1,0
BRF:28
BRH:5
end_of_record
TN:
SF:/Users/ceciliacaroline/Documents/smsAPI/helpers/database_setup.js
FN:7,(anonymous_0)
FN:22,(anonymous_1)
FN:25,(anonymous_2)
FNF:3
FNH:2
FNDA:2,(anonymous_0)
FNDA:2,(anonymous_1)
FNDA:0,(anonymous_2)
DA:2,2
DA:3,2
DA:5,2
DA:7,2
DA:8,2
DA:10,2
DA:11,0
DA:15,2
DA:23,2
DA:26,0
DA:27,0
LF:11
LH:8
BRDA:10,0,0,0
BRDA:10,0,1,2
BRF:2
BRH:1
end_of_record
TN:
SF:/Users/ceciliacaroline/Documents/smsAPI/helpers/error_handlers.js
FN:4,(anonymous_0)
FN:5,(anonymous_1)
FN:13,(anonymous_2)
FN:14,(anonymous_3)
FNF:4
FNH:2
FNDA:2,(anonymous_0)
FNDA:0,(anonymous_1)
FNDA:2,(anonymous_2)
FNDA:0,(anonymous_3)
DA:4,2
DA:5,2
DA:6,0
DA:7,0
DA:8,0
DA:13,2
DA:14,2
DA:15,0
DA:16,0
LF:9
LH:4
BRDA:15,0,0,0
BRDA:15,0,1,0
BRF:2
BRH:0
end_of_record
TN:
SF:/Users/ceciliacaroline/Documents/smsAPI/models/contact.js
FNF:0
FNH:0
DA:2,2
DA:3,2
DA:5,2
DA:12,2
DA:14,2
LF:5
LH:5
BRF:0
BRH:0
end_of_record
TN:
SF:/Users/ceciliacaroline/Documents/smsAPI/models/message.js
FNF:0
FNH:0
DA:2,2
DA:4,2
DA:6,2
DA:14,2
DA:16,2
LF:5
LH:5
BRF:0
BRH:0
end_of_record
